<?xml version="1.0" encoding="UTF-8"?>
<!-- Generated by org.testng.reporters.JUnitReportReporter -->
<testsuite hostname="DESKTOP-3T7H487" failures="0" tests="1" name="seleniumtest.LoginTest" time="0.032" errors="0" timestamp="2021-02-21T01:09:55 ICT" skipped="0">
  <testcase classname="seleniumtest.LoginTest" name="f" time="0.032"/>
  <system-out/>
</testsuite> <!-- seleniumtest.LoginTest -->
